<?xml version="1.0" encoding="UTF-8"?>
<testsuite name="Academy choucair" tests="1" skipped="0" failures="1" errors="0" timestamp="2021-08-16T17:41:46" hostname="DESKTOP-GPM4SM3" time="43.131">
  <properties/>
  <testcase name="UTest registration page" classname="Academy choucair" time="43.131">
    <failure message="java.lang.AssertionError: no such element: Unable to locate element: {&quot;method&quot;:&quot;xpath&quot;,&quot;selector&quot;:&quot;//*[@id=&quot;mainContent&quot;]/div/div/div[1]/div&quot;}&#10;  (Session info: chrome=92.0.4515.131)&#10;For documentation on this error, please visit: https://www.seleniumhq.org/exceptions/no_such_element.html&#10;Build info: version: '3.141.59', revision: 'e82be7d358', time: '2018-11-14T08:17:03'&#10;System info: host: 'DESKTOP-GPM4SM3', ip: '192.168.0.17', os.name: 'Windows 10', os.arch: 'amd64', os.version: '10.0', java.version: '1.8.0_301'&#10;Driver info: org.openqa.selenium.chrome.ChromeDriver&#10;Capabilities {acceptInsecureCerts: false, browserName: chrome, browserVersion: 92.0.4515.131, chrome: {chromedriverVersion: 92.0.4515.107 (87a818b10553..., userDataDir: C:\Users\WILLIAM\AppData\Lo...}, goog:chromeOptions: {debuggerAddress: localhost:52542}, javascriptEnabled: true, networkConnectionEnabled: false, pageLoadStrategy: normal, platform: WINDOWS, platformName: WINDOWS, proxy: Proxy(), setWindowRect: true, strictFileInteractability: false, timeouts: {implicit: 0, pageLoad: 300000, script: 30000}, unhandledPromptBehavior: dismiss and notify, webauthn:extension:credBlob: true, webauthn:extension:largeBlob: true, webauthn:virtualAuthenticators: true}&#10;Session ID: 0bae6f00f4c534723ef2a532dfd3aaac&#10;*** Element info: {Using=xpath, value=//*[@id=&quot;mainContent&quot;]/div/div/div[1]/div}" type="java.lang.AssertionError">java.lang.AssertionError: no such element: Unable to locate element: {&quot;method&quot;:&quot;xpath&quot;,&quot;selector&quot;:&quot;//*[@id=&quot;mainContent&quot;]/div/div/div[1]/div&quot;}
  (Session info: chrome=92.0.4515.131)
For documentation on this error, please visit: https://www.seleniumhq.org/exceptions/no_such_element.html
Build info: version: '3.141.59', revision: 'e82be7d358', time: '2018-11-14T08:17:03'
System info: host: 'DESKTOP-GPM4SM3', ip: '192.168.0.17', os.name: 'Windows 10', os.arch: 'amd64', os.version: '10.0', java.version: '1.8.0_301'
Driver info: org.openqa.selenium.chrome.ChromeDriver
Capabilities {acceptInsecureCerts: false, browserName: chrome, browserVersion: 92.0.4515.131, chrome: {chromedriverVersion: 92.0.4515.107 (87a818b10553..., userDataDir: C:\Users\WILLIAM\AppData\Lo...}, goog:chromeOptions: {debuggerAddress: localhost:52542}, javascriptEnabled: true, networkConnectionEnabled: false, pageLoadStrategy: normal, platform: WINDOWS, platformName: WINDOWS, proxy: Proxy(), setWindowRect: true, strictFileInteractability: false, timeouts: {implicit: 0, pageLoad: 300000, script: 30000}, unhandledPromptBehavior: dismiss and notify, webauthn:extension:credBlob: true, webauthn:extension:largeBlob: true, webauthn:virtualAuthenticators: true}
Session ID: 0bae6f00f4c534723ef2a532dfd3aaac
*** Element info: {Using=xpath, value=//*[@id=&quot;mainContent&quot;]/div/div/div[1]/div}
	at net.serenitybdd.screenplay.ErrorTally.throwSummaryExceptionFrom(ErrorTally.java:36)
	at net.serenitybdd.screenplay.ErrorTally.reportAnyErrors(ErrorTally.java:30)
	at net.serenitybdd.screenplay.Actor.should(Actor.java:301)
	at co.com.choucair.retoAtomatizacion.stepdefinitions.ChoucairUTestStepDefinitions.theNewUserWillBeCreatedOnThePlatform(ChoucairUTestStepDefinitions.java:46)
	at ✽.the new user will be created on the platform(src/test/resources/features/retoUTestChoucair.feature:14)
</failure>
  </testcase>
  <system-out><![CDATA[]]></system-out>
  <system-err><![CDATA[[Test worker] WARN net.thucydides.core.steps.BaseStepListener - stepStarted: net.thucydides.core.steps.ExecutedStepDescription@545cecd8
[Test worker] WARN net.thucydides.core.steps.BaseStepListener - stepStarted: net.thucydides.core.steps.ExecutedStepDescription@1406f17
[Test worker] WARN net.thucydides.core.steps.BaseStepListener - stepStarted: net.thucydides.core.steps.ExecutedStepDescription@d0647ad
ago 16, 2021 12:41:46 PM org.openqa.selenium.remote.DesiredCapabilities chrome
INFORMACIÓN: Using `new ChromeOptions()` is preferred to `DesiredCapabilities.chrome()`
[Test worker] INFO net.serenitybdd.core.webdriver.driverproviders.ProvideNewDriver - Instantiating driver
[Test worker] INFO net.serenitybdd.core.webdriver.driverproviders.ProvideNewDriver - Driver capabilities: Capabilities {acceptInsecureCerts: false, browserName: chrome, chrome.switches: --start-maximized, goog:chromeOptions: {args: [--start-maximized], extensions: []}, loggingPrefs: org.openqa.selenium.logging..., platform: ANY, version: }
Starting ChromeDriver 92.0.4515.107 (87a818b10553a07434ea9e2b6dccf3cbe7895134-refs/branch-heads/4515@{#1634}) on port 35982
Only local connections are allowed.
Please see https://chromedriver.chromium.org/security-considerations for suggestions on keeping ChromeDriver safe.
ChromeDriver was started successfully.
ago 16, 2021 12:41:52 PM org.openqa.selenium.remote.ProtocolHandshake createSession
INFORMACIÓN: Detected dialect: W3C
[Test worker] WARN net.thucydides.core.steps.BaseStepListener - stepFinished: current outcome:UTest registration page:Given than William wants to register on the UTest platform [William open up [William opens the U test page]]
[Test worker] WARN net.thucydides.core.steps.BaseStepListener - stepFinished: current outcome:UTest registration page:Given than William wants to register on the UTest platform [William open up [William opens the U test page]]
[Test worker] WARN net.thucydides.core.steps.BaseStepListener - stepFinished: current outcome:UTest registration page:Given than William wants to register on the UTest platform [William open up [William opens the U test page]]
[Test worker] WARN net.thucydides.core.steps.BaseStepListener - stepStarted: net.thucydides.core.steps.ExecutedStepDescription@42e40fc8
[Test worker] WARN net.thucydides.core.steps.BaseStepListener - stepStarted: net.thucydides.core.steps.ExecutedStepDescription@44e838ac
[Test worker] WARN net.thucydides.core.steps.BaseStepListener - stepStarted: net.thucydides.core.steps.ExecutedStepDescription@1e331c1d
[Test worker] WARN net.thucydides.core.steps.BaseStepListener - stepFinished: current outcome:UTest registration page:Given than William wants to register on the UTest platform [William open up [William opens the U test page]], When you fill out the registration form
| strFirstName | strLastName | strEmail | strMonth | strDay | strYear | strCity | strPostalCode |
| William | Moreno | william0@hotmail.com | July | 17 | 2000 | Mosquera | 11001 | [William register [William clicks on button that shows us the form to register]]
[Test worker] WARN net.thucydides.core.steps.BaseStepListener - stepStarted: net.thucydides.core.steps.ExecutedStepDescription@6084c109
[Test worker] WARN net.thucydides.core.steps.BaseStepListener - stepFinished: current outcome:UTest registration page:Given than William wants to register on the UTest platform [William open up [William opens the U test page]], When you fill out the registration form
| strFirstName | strLastName | strEmail | strMonth | strDay | strYear | strCity | strPostalCode |
| William | Moreno | william0@hotmail.com | July | 17 | 2000 | Mosquera | 11001 | [William register [William clicks on button that shows us the form to register, William enters 'William' into field to fill the name]]
[Test worker] WARN net.thucydides.core.steps.BaseStepListener - stepStarted: net.thucydides.core.steps.ExecutedStepDescription@1801b29d
[Test worker] WARN net.thucydides.core.steps.BaseStepListener - stepFinished: current outcome:UTest registration page:Given than William wants to register on the UTest platform [William open up [William opens the U test page]], When you fill out the registration form
| strFirstName | strLastName | strEmail | strMonth | strDay | strYear | strCity | strPostalCode |
| William | Moreno | william0@hotmail.com | July | 17 | 2000 | Mosquera | 11001 | [William register [William clicks on button that shows us the form to register, William enters 'William' into field to fill the name, William enters 'Moreno' into field to fill in the surnames]]
[Test worker] WARN net.thucydides.core.steps.BaseStepListener - stepStarted: net.thucydides.core.steps.ExecutedStepDescription@2117f801
[Test worker] WARN net.thucydides.core.steps.BaseStepListener - stepFinished: current outcome:UTest registration page:Given than William wants to register on the UTest platform [William open up [William opens the U test page]], When you fill out the registration form
| strFirstName | strLastName | strEmail | strMonth | strDay | strYear | strCity | strPostalCode |
| William | Moreno | william0@hotmail.com | July | 17 | 2000 | Mosquera | 11001 | [William register [William clicks on button that shows us the form to register, William enters 'William' into field to fill the name, William enters 'Moreno' into field to fill in the surnames, William enters 'william0@hotmail.com' into field to complete the email]]
[Test worker] WARN net.thucydides.core.steps.BaseStepListener - stepStarted: net.thucydides.core.steps.ExecutedStepDescription@15b3201b
[Test worker] WARN net.thucydides.core.steps.BaseStepListener - stepFinished: current outcome:UTest registration page:Given than William wants to register on the UTest platform [William open up [William opens the U test page]], When you fill out the registration form
| strFirstName | strLastName | strEmail | strMonth | strDay | strYear | strCity | strPostalCode |
| William | Moreno | william0@hotmail.com | July | 17 | 2000 | Mosquera | 11001 | [William register [William clicks on button that shows us the form to register, William enters 'William' into field to fill the name, William enters 'Moreno' into field to fill in the surnames, William enters 'william0@hotmail.com' into field to complete the email, William clicks on field to complete month of birth]]
[Test worker] WARN net.thucydides.core.steps.BaseStepListener - stepStarted: net.thucydides.core.steps.ExecutedStepDescription@218a8b6f
[Test worker] WARN net.thucydides.core.steps.BaseStepListener - stepFinished: current outcome:UTest registration page:Given than William wants to register on the UTest platform [William open up [William opens the U test page]], When you fill out the registration form
| strFirstName | strLastName | strEmail | strMonth | strDay | strYear | strCity | strPostalCode |
| William | Moreno | william0@hotmail.com | July | 17 | 2000 | Mosquera | 11001 | [William register [William clicks on button that shows us the form to register, William enters 'William' into field to fill the name, William enters 'Moreno' into field to fill in the surnames, William enters 'william0@hotmail.com' into field to complete the email, William clicks on field to complete month of birth, William select July on field to complete month of birth]]
[Test worker] WARN net.thucydides.core.steps.BaseStepListener - stepStarted: net.thucydides.core.steps.ExecutedStepDescription@33d23c75
[Test worker] WARN net.thucydides.core.steps.BaseStepListener - stepFinished: current outcome:UTest registration page:Given than William wants to register on the UTest platform [William open up [William opens the U test page]], When you fill out the registration form
| strFirstName | strLastName | strEmail | strMonth | strDay | strYear | strCity | strPostalCode |
| William | Moreno | william0@hotmail.com | July | 17 | 2000 | Mosquera | 11001 | [William register [William clicks on button that shows us the form to register, William enters 'William' into field to fill the name, William enters 'Moreno' into field to fill in the surnames, William enters 'william0@hotmail.com' into field to complete the email, William clicks on field to complete month of birth, William select July on field to complete month of birth, William clicks on field to complete day of birth]]
[Test worker] WARN net.thucydides.core.steps.BaseStepListener - stepStarted: net.thucydides.core.steps.ExecutedStepDescription@78c85b46
[Test worker] WARN net.thucydides.core.steps.BaseStepListener - stepFinished: current outcome:UTest registration page:Given than William wants to register on the UTest platform [William open up [William opens the U test page]], When you fill out the registration form
| strFirstName | strLastName | strEmail | strMonth | strDay | strYear | strCity | strPostalCode |
| William | Moreno | william0@hotmail.com | July | 17 | 2000 | Mosquera | 11001 | [William register [William clicks on button that shows us the form to register, William enters 'William' into field to fill the name, William enters 'Moreno' into field to fill in the surnames, William enters 'william0@hotmail.com' into field to complete the email, William clicks on field to complete month of birth, William select July on field to complete month of birth, William clicks on field to complete day of birth, William select 17 on field to complete day of birth]]
[Test worker] WARN net.thucydides.core.steps.BaseStepListener - stepStarted: net.thucydides.core.steps.ExecutedStepDescription@78700ee3
[Test worker] WARN net.thucydides.core.steps.BaseStepListener - stepFinished: current outcome:UTest registration page:Given than William wants to register on the UTest platform [William open up [William opens the U test page]], When you fill out the registration form
| strFirstName | strLastName | strEmail | strMonth | strDay | strYear | strCity | strPostalCode |
| William | Moreno | william0@hotmail.com | July | 17 | 2000 | Mosquera | 11001 | [William register [William clicks on button that shows us the form to register, William enters 'William' into field to fill the name, William enters 'Moreno' into field to fill in the surnames, William enters 'william0@hotmail.com' into field to complete the email, William clicks on field to complete month of birth, William select July on field to complete month of birth, William clicks on field to complete day of birth, William select 17 on field to complete day of birth, William clicks on field to complete year of birth]]
[Test worker] WARN net.thucydides.core.steps.BaseStepListener - stepStarted: net.thucydides.core.steps.ExecutedStepDescription@3e6b5cd2
[Test worker] WARN net.thucydides.core.steps.BaseStepListener - stepFinished: current outcome:UTest registration page:Given than William wants to register on the UTest platform [William open up [William opens the U test page]], When you fill out the registration form
| strFirstName | strLastName | strEmail | strMonth | strDay | strYear | strCity | strPostalCode |
| William | Moreno | william0@hotmail.com | July | 17 | 2000 | Mosquera | 11001 | [William register [William clicks on button that shows us the form to register, William enters 'William' into field to fill the name, William enters 'Moreno' into field to fill in the surnames, William enters 'william0@hotmail.com' into field to complete the email, William clicks on field to complete month of birth, William select July on field to complete month of birth, William clicks on field to complete day of birth, William select 17 on field to complete day of birth, William clicks on field to complete year of birth, William select 2000 on field to complete year of birth]]
[Test worker] WARN net.thucydides.core.steps.BaseStepListener - stepStarted: net.thucydides.core.steps.ExecutedStepDescription@64e1f586
[Test worker] WARN net.thucydides.core.steps.BaseStepListener - stepFinished: current outcome:UTest registration page:Given than William wants to register on the UTest platform [William open up [William opens the U test page]], When you fill out the registration form
| strFirstName | strLastName | strEmail | strMonth | strDay | strYear | strCity | strPostalCode |
| William | Moreno | william0@hotmail.com | July | 17 | 2000 | Mosquera | 11001 | [William register [William clicks on button that shows us the form to register, William enters 'William' into field to fill the name, William enters 'Moreno' into field to fill in the surnames, William enters 'william0@hotmail.com' into field to complete the email, William clicks on field to complete month of birth, William select July on field to complete month of birth, William clicks on field to complete day of birth, William select 17 on field to complete day of birth, William clicks on field to complete year of birth, William select 2000 on field to complete year of birth, William clicks on country of residence]]
[Test worker] WARN net.thucydides.core.steps.BaseStepListener - stepStarted: net.thucydides.core.steps.ExecutedStepDescription@75ededb1
[Test worker] WARN net.thucydides.core.steps.BaseStepListener - stepFinished: current outcome:UTest registration page:Given than William wants to register on the UTest platform [William open up [William opens the U test page]], When you fill out the registration form
| strFirstName | strLastName | strEmail | strMonth | strDay | strYear | strCity | strPostalCode |
| William | Moreno | william0@hotmail.com | July | 17 | 2000 | Mosquera | 11001 | [William register [William clicks on button that shows us the form to register, William enters 'William' into field to fill the name, William enters 'Moreno' into field to fill in the surnames, William enters 'william0@hotmail.com' into field to complete the email, William clicks on field to complete month of birth, William select July on field to complete month of birth, William clicks on field to complete day of birth, William select 17 on field to complete day of birth, William clicks on field to complete year of birth, William select 2000 on field to complete year of birth, William clicks on country of residence, William enters 'Mosquera' into field to complete the city]]
[Test worker] WARN net.thucydides.core.steps.BaseStepListener - stepStarted: net.thucydides.core.steps.ExecutedStepDescription@373edcb6
[Test worker] WARN net.thucydides.core.steps.BaseStepListener - stepFinished: current outcome:UTest registration page:Given than William wants to register on the UTest platform [William open up [William opens the U test page]], When you fill out the registration form
| strFirstName | strLastName | strEmail | strMonth | strDay | strYear | strCity | strPostalCode |
| William | Moreno | william0@hotmail.com | July | 17 | 2000 | Mosquera | 11001 | [William register [William clicks on button that shows us the form to register, William enters 'William' into field to fill the name, William enters 'Moreno' into field to fill in the surnames, William enters 'william0@hotmail.com' into field to complete the email, William clicks on field to complete month of birth, William select July on field to complete month of birth, William clicks on field to complete day of birth, William select 17 on field to complete day of birth, William clicks on field to complete year of birth, William select 2000 on field to complete year of birth, William clicks on country of residence, William enters 'Mosquera' into field to complete the city, William types 'ARROW_DOWN' in field to complete the city]]
[Test worker] WARN net.thucydides.core.steps.BaseStepListener - stepStarted: net.thucydides.core.steps.ExecutedStepDescription@c9a9c11
[Test worker] WARN net.thucydides.core.steps.BaseStepListener - stepFinished: current outcome:UTest registration page:Given than William wants to register on the UTest platform [William open up [William opens the U test page]], When you fill out the registration form
| strFirstName | strLastName | strEmail | strMonth | strDay | strYear | strCity | strPostalCode |
| William | Moreno | william0@hotmail.com | July | 17 | 2000 | Mosquera | 11001 | [William register [William clicks on button that shows us the form to register, William enters 'William' into field to fill the name, William enters 'Moreno' into field to fill in the surnames, William enters 'william0@hotmail.com' into field to complete the email, William clicks on field to complete month of birth, William select July on field to complete month of birth, William clicks on field to complete day of birth, William select 17 on field to complete day of birth, William clicks on field to complete year of birth, William select 2000 on field to complete year of birth, William clicks on country of residence, William enters 'Mosquera' into field to complete the city, William types 'ARROW_DOWN' in field to complete the city, William clears field field to complete the postal code of the city]]
[Test worker] WARN net.thucydides.core.steps.BaseStepListener - stepStarted: net.thucydides.core.steps.ExecutedStepDescription@67d43307
[Test worker] WARN net.thucydides.core.steps.BaseStepListener - stepFinished: current outcome:UTest registration page:Given than William wants to register on the UTest platform [William open up [William opens the U test page]], When you fill out the registration form
| strFirstName | strLastName | strEmail | strMonth | strDay | strYear | strCity | strPostalCode |
| William | Moreno | william0@hotmail.com | July | 17 | 2000 | Mosquera | 11001 | [William register [William clicks on button that shows us the form to register, William enters 'William' into field to fill the name, William enters 'Moreno' into field to fill in the surnames, William enters 'william0@hotmail.com' into field to complete the email, William clicks on field to complete month of birth, William select July on field to complete month of birth, William clicks on field to complete day of birth, William select 17 on field to complete day of birth, William clicks on field to complete year of birth, William select 2000 on field to complete year of birth, William clicks on country of residence, William enters 'Mosquera' into field to complete the city, William types 'ARROW_DOWN' in field to complete the city, William clears field field to complete the postal code of the city, William enters '11001' into field to complete the postal code of the city]]
[Test worker] WARN net.thucydides.core.steps.BaseStepListener - stepStarted: net.thucydides.core.steps.ExecutedStepDescription@4a21405
[Test worker] WARN net.thucydides.core.steps.BaseStepListener - stepFinished: current outcome:UTest registration page:Given than William wants to register on the UTest platform [William open up [William opens the U test page]], When you fill out the registration form
| strFirstName | strLastName | strEmail | strMonth | strDay | strYear | strCity | strPostalCode |
| William | Moreno | william0@hotmail.com | July | 17 | 2000 | Mosquera | 11001 | [William register [William clicks on button that shows us the form to register, William enters 'William' into field to fill the name, William enters 'Moreno' into field to fill in the surnames, William enters 'william0@hotmail.com' into field to complete the email, William clicks on field to complete month of birth, William select July on field to complete month of birth, William clicks on field to complete day of birth, William select 17 on field to complete day of birth, William clicks on field to complete year of birth, William select 2000 on field to complete year of birth, William clicks on country of residence, William enters 'Mosquera' into field to complete the city, William types 'ARROW_DOWN' in field to complete the city, William clears field field to complete the postal code of the city, William enters '11001' into field to complete the postal code of the city, William clicks on button to continue registration]]
[Test worker] WARN net.thucydides.core.steps.BaseStepListener - stepStarted: net.thucydides.core.steps.ExecutedStepDescription@56f9b0be
[Test worker] WARN net.thucydides.core.steps.BaseStepListener - stepFinished: current outcome:UTest registration page:Given than William wants to register on the UTest platform [William open up [William opens the U test page]], When you fill out the registration form
| strFirstName | strLastName | strEmail | strMonth | strDay | strYear | strCity | strPostalCode |
| William | Moreno | william0@hotmail.com | July | 17 | 2000 | Mosquera | 11001 | [William register [William clicks on button that shows us the form to register, William enters 'William' into field to fill the name, William enters 'Moreno' into field to fill in the surnames, William enters 'william0@hotmail.com' into field to complete the email, William clicks on field to complete month of birth, William select July on field to complete month of birth, William clicks on field to complete day of birth, William select 17 on field to complete day of birth, William clicks on field to complete year of birth, William select 2000 on field to complete year of birth, William clicks on country of residence, William enters 'Mosquera' into field to complete the city, William types 'ARROW_DOWN' in field to complete the city, William clears field field to complete the postal code of the city, William enters '11001' into field to complete the postal code of the city, William clicks on button to continue registration, William clicks on Continue to the next phase]]
[Test worker] WARN net.thucydides.core.steps.BaseStepListener - stepStarted: net.thucydides.core.steps.ExecutedStepDescription@4cfa2db
[Test worker] WARN net.thucydides.core.steps.BaseStepListener - stepFinished: current outcome:UTest registration page:Given than William wants to register on the UTest platform [William open up [William opens the U test page]], When you fill out the registration form
| strFirstName | strLastName | strEmail | strMonth | strDay | strYear | strCity | strPostalCode |
| William | Moreno | william0@hotmail.com | July | 17 | 2000 | Mosquera | 11001 | [William register [William clicks on button that shows us the form to register, William enters 'William' into field to fill the name, William enters 'Moreno' into field to fill in the surnames, William enters 'william0@hotmail.com' into field to complete the email, William clicks on field to complete month of birth, William select July on field to complete month of birth, William clicks on field to complete day of birth, William select 17 on field to complete day of birth, William clicks on field to complete year of birth, William select 2000 on field to complete year of birth, William clicks on country of residence, William enters 'Mosquera' into field to complete the city, William types 'ARROW_DOWN' in field to complete the city, William clears field field to complete the postal code of the city, William enters '11001' into field to complete the postal code of the city, William clicks on button to continue registration, William clicks on Continue to the next phase, William enters 'William123*Choucair' into Create Password]]
[Test worker] WARN net.thucydides.core.steps.BaseStepListener - stepStarted: net.thucydides.core.steps.ExecutedStepDescription@57cf2ab3
[Test worker] WARN net.thucydides.core.steps.BaseStepListener - stepFinished: current outcome:UTest registration page:Given than William wants to register on the UTest platform [William open up [William opens the U test page]], When you fill out the registration form
| strFirstName | strLastName | strEmail | strMonth | strDay | strYear | strCity | strPostalCode |
| William | Moreno | william0@hotmail.com | July | 17 | 2000 | Mosquera | 11001 | [William register [William clicks on button that shows us the form to register, William enters 'William' into field to fill the name, William enters 'Moreno' into field to fill in the surnames, William enters 'william0@hotmail.com' into field to complete the email, William clicks on field to complete month of birth, William select July on field to complete month of birth, William clicks on field to complete day of birth, William select 17 on field to complete day of birth, William clicks on field to complete year of birth, William select 2000 on field to complete year of birth, William clicks on country of residence, William enters 'Mosquera' into field to complete the city, William types 'ARROW_DOWN' in field to complete the city, William clears field field to complete the postal code of the city, William enters '11001' into field to complete the postal code of the city, William clicks on button to continue registration, William clicks on Continue to the next phase, William enters 'William123*Choucair' into Create Password, William enters 'William123*Choucair' into Confirm Password]]
[Test worker] WARN net.thucydides.core.steps.BaseStepListener - stepStarted: net.thucydides.core.steps.ExecutedStepDescription@dd7e074
[Test worker] WARN net.thucydides.core.steps.BaseStepListener - stepFinished: current outcome:UTest registration page:Given than William wants to register on the UTest platform [William open up [William opens the U test page]], When you fill out the registration form
| strFirstName | strLastName | strEmail | strMonth | strDay | strYear | strCity | strPostalCode |
| William | Moreno | william0@hotmail.com | July | 17 | 2000 | Mosquera | 11001 | [William register [William clicks on button that shows us the form to register, William enters 'William' into field to fill the name, William enters 'Moreno' into field to fill in the surnames, William enters 'william0@hotmail.com' into field to complete the email, William clicks on field to complete month of birth, William select July on field to complete month of birth, William clicks on field to complete day of birth, William select 17 on field to complete day of birth, William clicks on field to complete year of birth, William select 2000 on field to complete year of birth, William clicks on country of residence, William enters 'Mosquera' into field to complete the city, William types 'ARROW_DOWN' in field to complete the city, William clears field field to complete the postal code of the city, William enters '11001' into field to complete the postal code of the city, William clicks on button to continue registration, William clicks on Continue to the next phase, William enters 'William123*Choucair' into Create Password, William enters 'William123*Choucair' into Confirm Password, William clicks on Check-box Stay informed]]
[Test worker] WARN net.thucydides.core.steps.BaseStepListener - stepStarted: net.thucydides.core.steps.ExecutedStepDescription@5cb11f13
[Test worker] WARN net.thucydides.core.steps.BaseStepListener - stepFinished: current outcome:UTest registration page:Given than William wants to register on the UTest platform [William open up [William opens the U test page]], When you fill out the registration form
| strFirstName | strLastName | strEmail | strMonth | strDay | strYear | strCity | strPostalCode |
| William | Moreno | william0@hotmail.com | July | 17 | 2000 | Mosquera | 11001 | [William register [William clicks on button that shows us the form to register, William enters 'William' into field to fill the name, William enters 'Moreno' into field to fill in the surnames, William enters 'william0@hotmail.com' into field to complete the email, William clicks on field to complete month of birth, William select July on field to complete month of birth, William clicks on field to complete day of birth, William select 17 on field to complete day of birth, William clicks on field to complete year of birth, William select 2000 on field to complete year of birth, William clicks on country of residence, William enters 'Mosquera' into field to complete the city, William types 'ARROW_DOWN' in field to complete the city, William clears field field to complete the postal code of the city, William enters '11001' into field to complete the postal code of the city, William clicks on button to continue registration, William clicks on Continue to the next phase, William enters 'William123*Choucair' into Create Password, William enters 'William123*Choucair' into Confirm Password, William clicks on Check-box Stay informed, William clicks on Terms and Conditions]]
[Test worker] WARN net.thucydides.core.steps.BaseStepListener - stepStarted: net.thucydides.core.steps.ExecutedStepDescription@46a6ce6e
[Test worker] WARN net.thucydides.core.steps.BaseStepListener - stepFinished: current outcome:UTest registration page:Given than William wants to register on the UTest platform [William open up [William opens the U test page]], When you fill out the registration form
| strFirstName | strLastName | strEmail | strMonth | strDay | strYear | strCity | strPostalCode |
| William | Moreno | william0@hotmail.com | July | 17 | 2000 | Mosquera | 11001 | [William register [William clicks on button that shows us the form to register, William enters 'William' into field to fill the name, William enters 'Moreno' into field to fill in the surnames, William enters 'william0@hotmail.com' into field to complete the email, William clicks on field to complete month of birth, William select July on field to complete month of birth, William clicks on field to complete day of birth, William select 17 on field to complete day of birth, William clicks on field to complete year of birth, William select 2000 on field to complete year of birth, William clicks on country of residence, William enters 'Mosquera' into field to complete the city, William types 'ARROW_DOWN' in field to complete the city, William clears field field to complete the postal code of the city, William enters '11001' into field to complete the postal code of the city, William clicks on button to continue registration, William clicks on Continue to the next phase, William enters 'William123*Choucair' into Create Password, William enters 'William123*Choucair' into Confirm Password, William clicks on Check-box Stay informed, William clicks on Terms and Conditions, William clicks on Privacy Policy]]
[Test worker] WARN net.thucydides.core.steps.BaseStepListener - stepStarted: net.thucydides.core.steps.ExecutedStepDescription@4280715e
[Test worker] WARN net.thucydides.core.steps.BaseStepListener - stepFinished: current outcome:UTest registration page:Given than William wants to register on the UTest platform [William open up [William opens the U test page]], When you fill out the registration form
| strFirstName | strLastName | strEmail | strMonth | strDay | strYear | strCity | strPostalCode |
| William | Moreno | william0@hotmail.com | July | 17 | 2000 | Mosquera | 11001 | [William register [William clicks on button that shows us the form to register, William enters 'William' into field to fill the name, William enters 'Moreno' into field to fill in the surnames, William enters 'william0@hotmail.com' into field to complete the email, William clicks on field to complete month of birth, William select July on field to complete month of birth, William clicks on field to complete day of birth, William select 17 on field to complete day of birth, William clicks on field to complete year of birth, William select 2000 on field to complete year of birth, William clicks on country of residence, William enters 'Mosquera' into field to complete the city, William types 'ARROW_DOWN' in field to complete the city, William clears field field to complete the postal code of the city, William enters '11001' into field to complete the postal code of the city, William clicks on button to continue registration, William clicks on Continue to the next phase, William enters 'William123*Choucair' into Create Password, William enters 'William123*Choucair' into Confirm Password, William clicks on Check-box Stay informed, William clicks on Terms and Conditions, William clicks on Privacy Policy, William clicks on Complete setup]]
[Test worker] WARN net.thucydides.core.steps.BaseStepListener - stepFinished: current outcome:UTest registration page:Given than William wants to register on the UTest platform [William open up [William opens the U test page]], When you fill out the registration form
| strFirstName | strLastName | strEmail | strMonth | strDay | strYear | strCity | strPostalCode |
| William | Moreno | william0@hotmail.com | July | 17 | 2000 | Mosquera | 11001 | [William register [William clicks on button that shows us the form to register, William enters 'William' into field to fill the name, William enters 'Moreno' into field to fill in the surnames, William enters 'william0@hotmail.com' into field to complete the email, William clicks on field to complete month of birth, William select July on field to complete month of birth, William clicks on field to complete day of birth, William select 17 on field to complete day of birth, William clicks on field to complete year of birth, William select 2000 on field to complete year of birth, William clicks on country of residence, William enters 'Mosquera' into field to complete the city, William types 'ARROW_DOWN' in field to complete the city, William clears field field to complete the postal code of the city, William enters '11001' into field to complete the postal code of the city, William clicks on button to continue registration, William clicks on Continue to the next phase, William enters 'William123*Choucair' into Create Password, William enters 'William123*Choucair' into Confirm Password, William clicks on Check-box Stay informed, William clicks on Terms and Conditions, William clicks on Privacy Policy, William clicks on Complete setup]]
[Test worker] WARN net.thucydides.core.steps.BaseStepListener - stepFinished: current outcome:UTest registration page:Given than William wants to register on the UTest platform [William open up [William opens the U test page]], When you fill out the registration form
| strFirstName | strLastName | strEmail | strMonth | strDay | strYear | strCity | strPostalCode |
| William | Moreno | william0@hotmail.com | July | 17 | 2000 | Mosquera | 11001 | [William register [William clicks on button that shows us the form to register, William enters 'William' into field to fill the name, William enters 'Moreno' into field to fill in the surnames, William enters 'william0@hotmail.com' into field to complete the email, William clicks on field to complete month of birth, William select July on field to complete month of birth, William clicks on field to complete day of birth, William select 17 on field to complete day of birth, William clicks on field to complete year of birth, William select 2000 on field to complete year of birth, William clicks on country of residence, William enters 'Mosquera' into field to complete the city, William types 'ARROW_DOWN' in field to complete the city, William clears field field to complete the postal code of the city, William enters '11001' into field to complete the postal code of the city, William clicks on button to continue registration, William clicks on Continue to the next phase, William enters 'William123*Choucair' into Create Password, William enters 'William123*Choucair' into Confirm Password, William clicks on Check-box Stay informed, William clicks on Terms and Conditions, William clicks on Privacy Policy, William clicks on Complete setup]]
[Test worker] WARN net.thucydides.core.steps.BaseStepListener - stepStarted: net.thucydides.core.steps.ExecutedStepDescription@4c9df8b1
[Test worker] WARN net.thucydides.core.steps.BaseStepListener - stepStarted: net.thucydides.core.steps.ExecutedStepDescription@26c50b8d
[Test worker] WARN net.thucydides.core.steps.BaseStepListener - testFinished: UTest registration page:Given than William wants to register on the UTest platform [William open up [William opens the U test page]], When you fill out the registration form
| strFirstName | strLastName | strEmail | strMonth | strDay | strYear | strCity | strPostalCode |
| William | Moreno | william0@hotmail.com | July | 17 | 2000 | Mosquera | 11001 | [William register [William clicks on button that shows us the form to register, William enters 'William' into field to fill the name, William enters 'Moreno' into field to fill in the surnames, William enters 'william0@hotmail.com' into field to complete the email, William clicks on field to complete month of birth, William select July on field to complete month of birth, William clicks on field to complete day of birth, William select 17 on field to complete day of birth, William clicks on field to complete year of birth, William select 2000 on field to complete year of birth, William clicks on country of residence, William enters 'Mosquera' into field to complete the city, William types 'ARROW_DOWN' in field to complete the city, William clears field field to complete the postal code of the city, William enters '11001' into field to complete the postal code of the city, William clicks on button to continue registration, William clicks on Continue to the next phase, William enters 'William123*Choucair' into Create Password, William enters 'William123*Choucair' into Confirm Password, William clicks on Check-box Stay informed, William clicks on Terms and Conditions, William clicks on Privacy Policy, William clicks on Complete setup]], Then the new user will be created on the platform [Then answer]
[Test worker] WARN net.thucydides.core.steps.BaseStepListener - TestOutcomes: [UTest registration page:Given than William wants to register on the UTest platform [William open up [William opens the U test page]], When you fill out the registration form
| strFirstName | strLastName | strEmail | strMonth | strDay | strYear | strCity | strPostalCode |
| William | Moreno | william0@hotmail.com | July | 17 | 2000 | Mosquera | 11001 | [William register [William clicks on button that shows us the form to register, William enters 'William' into field to fill the name, William enters 'Moreno' into field to fill in the surnames, William enters 'william0@hotmail.com' into field to complete the email, William clicks on field to complete month of birth, William select July on field to complete month of birth, William clicks on field to complete day of birth, William select 17 on field to complete day of birth, William clicks on field to complete year of birth, William select 2000 on field to complete year of birth, William clicks on country of residence, William enters 'Mosquera' into field to complete the city, William types 'ARROW_DOWN' in field to complete the city, William clears field field to complete the postal code of the city, William enters '11001' into field to complete the postal code of the city, William clicks on button to continue registration, William clicks on Continue to the next phase, William enters 'William123*Choucair' into Create Password, William enters 'William123*Choucair' into Confirm Password, William clicks on Check-box Stay informed, William clicks on Terms and Conditions, William clicks on Privacy Policy, William clicks on Complete setup]], Then the new user will be created on the platform [Then answer]]
[Test worker] WARN net.thucydides.core.steps.BaseStepListener - Final testOutcomes: [UTest registration page:Given than William wants to register on the UTest platform [William open up [William opens the U test page]], When you fill out the registration form
| strFirstName | strLastName | strEmail | strMonth | strDay | strYear | strCity | strPostalCode |
| William | Moreno | william0@hotmail.com | July | 17 | 2000 | Mosquera | 11001 | [William register [William clicks on button that shows us the form to register, William enters 'William' into field to fill the name, William enters 'Moreno' into field to fill in the surnames, William enters 'william0@hotmail.com' into field to complete the email, William clicks on field to complete month of birth, William select July on field to complete month of birth, William clicks on field to complete day of birth, William select 17 on field to complete day of birth, William clicks on field to complete year of birth, William select 2000 on field to complete year of birth, William clicks on country of residence, William enters 'Mosquera' into field to complete the city, William types 'ARROW_DOWN' in field to complete the city, William clears field field to complete the postal code of the city, William enters '11001' into field to complete the postal code of the city, William clicks on button to continue registration, William clicks on Continue to the next phase, William enters 'William123*Choucair' into Create Password, William enters 'William123*Choucair' into Confirm Password, William clicks on Check-box Stay informed, William clicks on Terms and Conditions, William clicks on Privacy Policy, William clicks on Complete setup]], Then the new user will be created on the platform [Then answer]]
[Test worker] ERROR net.thucydides.core.steps.ConsoleLoggingListener - 
           __  _____ _____ ____ _____   _____ _    ___ _     _____ ____  
  _       / / |_   _| ____/ ___|_   _| |  ___/ \  |_ _| |   | ____|  _ \ 
 (_)_____| |    | | |  _| \___ \ | |   | |_ / _ \  | || |   |  _| | | | |
  _|_____| |    | | | |___ ___) || |   |  _/ ___ \ | || |___| |___| |_| |
 (_)     | |    |_| |_____|____/ |_|   |_|/_/   \_\___|_____|_____|____/ 
          \_\                                                            

TEST FAILED WITH ERROR: UTest registration page
---------------------------------------------------------------------
[Test worker] ERROR net.thucydides.core.steps.ConsoleLoggingListener - TEST FAILED AT STEP Then answer
[Test worker] ERROR net.thucydides.core.steps.ConsoleLoggingListener - no such element: Unable to locate element: {"method":"xpath","selector":"//*[@id="mainContent"]/div/div/div[1]/div"}
]]></system-err>
</testsuite>
